Using pre-set license
Built from '2021.1/staging' branch; Version is '2021.1.20f1 (be552157821d) revision 12473633'; Using compiler version '192528614'; Build Type 'Release'
OS: 'Windows 10 Home; OS build 19042.1288; Version 2009; 64bit' Language: 'en' Physical Memory: 16303 MB
BatchMode: 1, IsHumanControllingUs: 0, StartBugReporterOnCrash: 0, Is64bit: 1, IsPro: 0

COMMAND LINE ARGUMENTS:
D:\Unity\Version2021.1.20f1\Editor\Unity.exe
-adb2
-batchMode
-noUpm
-name
AssetImportWorker0
-projectPath
D:/Desktop/Projects/Repo-Necromagus/repo-Necromagus/Project_Necromagus
-logFile
Logs/AssetImportWorker0.log
-srvPort
53434
Successfully changed project path to: D:/Desktop/Projects/Repo-Necromagus/repo-Necromagus/Project_Necromagus
D:/Desktop/Projects/Repo-Necromagus/repo-Necromagus/Project_Necromagus
Using Asset Import Pipeline V2.
Refreshing native plugins compatible for Editor in 116.93 ms, found 4 plugins.
Preloading 0 native plugins for Editor in 0.00 ms.
Initialize engine version: 2021.1.20f1 (be552157821d)
[Subsystems] Discovering subsystems at path D:/Unity/Version2021.1.20f1/Editor/Data/Resources/UnitySubsystems
[Subsystems] Discovering subsystems at path D:/Desktop/Projects/Repo-Necromagus/repo-Necromagus/Project_Necromagus/Assets
GfxDevice: creating device client; threaded=0; jobified=0
Direct3D:
    Version:  Direct3D 11.0 [level 11.1]
    Renderer: NVIDIA GeForce RTX 2060 (ID=0x1f11)
    Vendor:   NVIDIA
    VRAM:     5980 MB
    Driver:   27.21.14.5749
Initialize mono
Mono path[0] = 'D:/Unity/Version2021.1.20f1/Editor/Data/Managed'
Mono path[1] = 'D:/Unity/Version2021.1.20f1/Editor/Data/MonoBleedingEdge/lib/mono/unityjit'
Mono config path = 'D:/Unity/Version2021.1.20f1/Editor/Data/MonoBleedingEdge/etc'
Using monoOptions --debugger-agent=transport=dt_socket,embedding=1,server=y,suspend=n,address=127.0.0.1:56476
Begin MonoManager ReloadAssembly
Registering precompiled unity dll's ...
Register platform support module: D:/Unity/Version2021.1.20f1/Editor/Data/PlaybackEngines/WindowsStandaloneSupport/UnityEditor.WindowsStandalone.Extensions.dll
Registered in 0.001025 seconds.
Native extension for WindowsStandalone target not found
Refreshing native plugins compatible for Editor in 122.82 ms, found 4 plugins.
Preloading 0 native plugins for Editor in 0.00 ms.
Mono: successfully reloaded assembly
- Completed reload, in  1.081 seconds
Domain Reload Profiling:
	ReloadAssembly (1081ms)
		BeginReloadAssembly (54ms)
			ExecutionOrderSort (0ms)
			DisableScriptedObjects (0ms)
			BackupInstance (0ms)
			ReleaseScriptingObjects (0ms)
			CreateAndSetChildDomain (1ms)
		EndReloadAssembly (486ms)
			LoadAssemblies (54ms)
			RebuildTransferFunctionScriptingTraits (0ms)
			SetupTypeCache (161ms)
			ReleaseScriptCaches (0ms)
			RebuildScriptCaches (31ms)
			SetupLoadedEditorAssemblies (253ms)
				LogAssemblyErrors (0ms)
				InitializePlatformSupportModulesInManaged (5ms)
				SetLoadedEditorAssemblies (0ms)
				RefreshPlugins (123ms)
				BeforeProcessingInitializeOnLoad (2ms)
				ProcessInitializeOnLoadAttributes (94ms)
				ProcessInitializeOnLoadMethodAttributes (29ms)
				AfterProcessingInitializeOnLoad (0ms)
				EditorAssembliesLoaded (0ms)
			ExecutionOrderSort2 (0ms)
			AwakeInstancesAfterBackupRestoration (0ms)
Platform modules already initialized, skipping
Registering precompiled user dll's ...
Registered in 0.004002 seconds.
Begin MonoManager ReloadAssembly
Symbol file LoadedFromMemory doesn't match image D:\Desktop\Projects\Repo-Necromagus\repo-Necromagus\Project_Necromagus\Library\PackageCache\com.unity.visualscripting@1.6.1\Editor\VisualScripting.Core\Dependencies\YamlDotNet\Unity.VisualScripting.YamlDotNet.dll
Symbol file LoadedFromMemory doesn't match image D:\Desktop\Projects\Repo-Necromagus\repo-Necromagus\Project_Necromagus\Library\PackageCache\com.unity.visualscripting@1.6.1\Editor\VisualScripting.Core\Dependencies\DotNetZip\Unity.VisualScripting.IonicZip.dll
Native extension for WindowsStandalone target not found
Refreshing native plugins compatible for Editor in 122.66 ms, found 4 plugins.
Preloading 0 native plugins for Editor in 0.00 ms.
Mono: successfully reloaded assembly
- Completed reload, in  1.342 seconds
Domain Reload Profiling:
	ReloadAssembly (1342ms)
		BeginReloadAssembly (143ms)
			ExecutionOrderSort (0ms)
			DisableScriptedObjects (4ms)
			BackupInstance (0ms)
			ReleaseScriptingObjects (0ms)
			CreateAndSetChildDomain (19ms)
		EndReloadAssembly (1143ms)
			LoadAssemblies (94ms)
			RebuildTransferFunctionScriptingTraits (0ms)
			SetupTypeCache (394ms)
			ReleaseScriptCaches (1ms)
			RebuildScriptCaches (68ms)
			SetupLoadedEditorAssemblies (490ms)
				LogAssemblyErrors (0ms)
				InitializePlatformSupportModulesInManaged (3ms)
				SetLoadedEditorAssemblies (0ms)
				RefreshPlugins (123ms)
				BeforeProcessingInitializeOnLoad (103ms)
				ProcessInitializeOnLoadAttributes (243ms)
				ProcessInitializeOnLoadMethodAttributes (16ms)
				AfterProcessingInitializeOnLoad (2ms)
				EditorAssembliesLoaded (0ms)
			ExecutionOrderSort2 (0ms)
			AwakeInstancesAfterBackupRestoration (6ms)
Platform modules already initialized, skipping
========================================================================
Worker process is ready to serve import requests
Launched and connected shader compiler UnityShaderCompiler.exe after 0.17 seconds
Refreshing native plugins compatible for Editor in 1.02 ms, found 4 plugins.
Preloading 0 native plugins for Editor in 0.00 ms.
Unloading 5000 Unused Serialized files (Serialized files now loaded: 0)
System memory in use before: 189.4 MB.
System memory in use after: 189.9 MB.

Unloading 30 unused Assets to reduce memory usage. Loaded Objects now: 5455.
Total: 5.786000 ms (FindLiveObjects: 0.364700 ms CreateObjectMapping: 0.278500 ms MarkObjects: 5.108200 ms  DeleteObjects: 0.033200 ms)

AssetImportParameters requested are different than current active one (requested -> active):
  custom:framework-win-MediaFoundation: 216162199b28c13a410421893ffa2e32 -> 
  custom:video-decoder-ogg-theora: a1e56fd34408186e4bbccfd4996cb3dc -> 
  custom:container-muxer-webm: aa71ff27fc2769a1b78a27578f13a17b -> 
  custom:container-demuxer-webm: 4f35f7cbe854078d1ac9338744f61a02 -> 
  custom:container-demuxer-ogg: 62fdf1f143b41e24485cea50d1cbac27 -> 
  custom:video-encoder-webm-vp8: eb34c28f22e8b96e1ab97ce403110664 -> 
  custom:video-codec-MediaFoundation-h265: 746d11721c4dcdbdad8f713fa42b33f4 -> 
  custom:video-decoder-webm-vp8: 9c59270c3fd7afecdb556c50c9e8de78 -> 
  custom:audio-decoder-ogg-vorbis: bf7c407c2cedff20999df2af8eb42d56 -> 
  custom:audio-encoder-webm-vorbis: bf7c407c2cedff20999df2af8eb42d56 -> 
========================================================================
Received Import Request.
  path: Assets/Art/TrapsPlatformsSheet_edits.png
  artifactKey: Guid(dde5999be2cea6243bf305fdef5cd180) Importer(815301076,1909f56bfc062723c751e8b465ee728b)
Start importing Assets/Art/TrapsPlatformsSheet_edits.png using Guid(dde5999be2cea6243bf305fdef5cd180) Importer(815301076,1909f56bfc062723c751e8b465ee728b)  -> (artifact id: 'cee8064625834ea410bc72e38c648904') in 0.192176 seconds 
========================================================================
Received Import Request.
  Time since last request: 0.002916 seconds.
  path: Assets/Art/TrapsPlatformsSheet_edits.png
  artifactKey: Guid(dde5999be2cea6243bf305fdef5cd180) Importer(815301076,1909f56bfc062723c751e8b465ee728b)
Start importing Assets/Art/TrapsPlatformsSheet_edits.png using Guid(dde5999be2cea6243bf305fdef5cd180) Importer(815301076,1909f56bfc062723c751e8b465ee728b)  -> (artifact id: '730f9d536c447c54659da91bf0bd92d1') in 0.006642 seconds 
========================================================================
Received Import Request.
  Time since last request: 9.418223 seconds.
  path: Assets/Art/TrapsPlatformsSheet_edits.png
  artifactKey: Guid(dde5999be2cea6243bf305fdef5cd180) Importer(815301076,1909f56bfc062723c751e8b465ee728b)
Start importing Assets/Art/TrapsPlatformsSheet_edits.png using Guid(dde5999be2cea6243bf305fdef5cd180) Importer(815301076,1909f56bfc062723c751e8b465ee728b)  -> (artifact id: 'b5a374d10fe5cf3e95050d78351de2d6') in 0.011984 seconds 
========================================================================
Received Import Request.
  Time since last request: 3.899902 seconds.
  path: Assets/Art/TrapsPlatformsSheet_edits.png
  artifactKey: Guid(dde5999be2cea6243bf305fdef5cd180) Importer(815301076,1909f56bfc062723c751e8b465ee728b)
Start importing Assets/Art/TrapsPlatformsSheet_edits.png using Guid(dde5999be2cea6243bf305fdef5cd180) Importer(815301076,1909f56bfc062723c751e8b465ee728b)  -> (artifact id: '87b7335e06ce383443cd4f18bbeacb32') in 0.005118 seconds 
========================================================================
Received Import Request.
  Time since last request: 15.286158 seconds.
  path: Assets/Art/TrapsPlatformsSheet_edits.png
  artifactKey: Guid(dde5999be2cea6243bf305fdef5cd180) Importer(815301076,1909f56bfc062723c751e8b465ee728b)
Start importing Assets/Art/TrapsPlatformsSheet_edits.png using Guid(dde5999be2cea6243bf305fdef5cd180) Importer(815301076,1909f56bfc062723c751e8b465ee728b)  -> (artifact id: 'e535fbedb55fa42d1637dea2bb0b3c85') in 0.033609 seconds 
========================================================================
Received Import Request.
  Time since last request: 2.544497 seconds.
  path: Assets/Art/SkeletonDecay_Sheet.png
  artifactKey: Guid(55612db5963d8194cbe49566c2863646) Importer(815301076,1909f56bfc062723c751e8b465ee728b)
Start importing Assets/Art/SkeletonDecay_Sheet.png using Guid(55612db5963d8194cbe49566c2863646) Importer(815301076,1909f56bfc062723c751e8b465ee728b)  -> (artifact id: 'ad6119b26cfcda9f54a600213203ef58') in 0.014894 seconds 
========================================================================
Received Import Request.
  Time since last request: 12.148009 seconds.
  path: Assets/Art/SkeletonDecay_Sheet.png
  artifactKey: Guid(55612db5963d8194cbe49566c2863646) Importer(815301076,1909f56bfc062723c751e8b465ee728b)
Start importing Assets/Art/SkeletonDecay_Sheet.png using Guid(55612db5963d8194cbe49566c2863646) Importer(815301076,1909f56bfc062723c751e8b465ee728b)  -> (artifact id: 'dcc8255301e7d3c8f3a98574d99b4586') in 0.008502 seconds 
========================================================================
Received Import Request.
  Time since last request: 49.088381 seconds.
  path: Assets/Art/SkeletonDecay_Sheet.png
  artifactKey: Guid(55612db5963d8194cbe49566c2863646) Importer(815301076,1909f56bfc062723c751e8b465ee728b)
Start importing Assets/Art/SkeletonDecay_Sheet.png using Guid(55612db5963d8194cbe49566c2863646) Importer(815301076,1909f56bfc062723c751e8b465ee728b)  -> (artifact id: '941df5f6b6b80ff3a36c6d8fd6a5f8ae') in 0.023714 seconds 
========================================================================
Received Prepare
Registering precompiled user dll's ...
Registered in 0.004273 seconds.
Begin MonoManager ReloadAssembly
Symbol file LoadedFromMemory doesn't match image D:\Desktop\Projects\Repo-Necromagus\repo-Necromagus\Project_Necromagus\Library\PackageCache\com.unity.visualscripting@1.6.1\Editor\VisualScripting.Core\Dependencies\YamlDotNet\Unity.VisualScripting.YamlDotNet.dll
Symbol file LoadedFromMemory doesn't match image D:\Desktop\Projects\Repo-Necromagus\repo-Necromagus\Project_Necromagus\Library\PackageCache\com.unity.visualscripting@1.6.1\Editor\VisualScripting.Core\Dependencies\DotNetZip\Unity.VisualScripting.IonicZip.dll
Native extension for WindowsStandalone target not found
Refreshing native plugins compatible for Editor in 0.93 ms, found 4 plugins.
Preloading 0 native plugins for Editor in 0.00 ms.
Mono: successfully reloaded assembly
- Completed reload, in  1.230 seconds
Domain Reload Profiling:
	ReloadAssembly (1231ms)
		BeginReloadAssembly (134ms)
			ExecutionOrderSort (0ms)
			DisableScriptedObjects (6ms)
			BackupInstance (0ms)
			ReleaseScriptingObjects (0ms)
			CreateAndSetChildDomain (42ms)
		EndReloadAssembly (1035ms)
			LoadAssemblies (100ms)
			RebuildTransferFunctionScriptingTraits (0ms)
			SetupTypeCache (408ms)
			ReleaseScriptCaches (2ms)
			RebuildScriptCaches (58ms)
			SetupLoadedEditorAssemblies (345ms)
				LogAssemblyErrors (0ms)
				InitializePlatformSupportModulesInManaged (5ms)
				SetLoadedEditorAssemblies (0ms)
				RefreshPlugins (1ms)
				BeforeProcessingInitializeOnLoad (81ms)
				ProcessInitializeOnLoadAttributes (247ms)
				ProcessInitializeOnLoadMethodAttributes (9ms)
				AfterProcessingInitializeOnLoad (2ms)
				EditorAssembliesLoaded (0ms)
			ExecutionOrderSort2 (0ms)
			AwakeInstancesAfterBackupRestoration (17ms)
Platform modules already initialized, skipping
Refreshing native plugins compatible for Editor in 1.38 ms, found 4 plugins.
Preloading 0 native plugins for Editor in 0.00 ms.
Unloading 4917 Unused Serialized files (Serialized files now loaded: 0)
System memory in use before: 189.3 MB.
System memory in use after: 189.7 MB.

Unloading 19 unused Assets to reduce memory usage. Loaded Objects now: 5590.
Total: 4.585300 ms (FindLiveObjects: 0.391300 ms CreateObjectMapping: 0.343800 ms MarkObjects: 3.819300 ms  DeleteObjects: 0.029300 ms)

AssetImportParameters requested are different than current active one (requested -> active):
  custom:framework-win-MediaFoundation: 216162199b28c13a410421893ffa2e32 -> 
  custom:video-decoder-ogg-theora: a1e56fd34408186e4bbccfd4996cb3dc -> 
  custom:container-muxer-webm: aa71ff27fc2769a1b78a27578f13a17b -> 
  custom:container-demuxer-webm: 4f35f7cbe854078d1ac9338744f61a02 -> 
  custom:container-demuxer-ogg: 62fdf1f143b41e24485cea50d1cbac27 -> 
  custom:video-encoder-webm-vp8: eb34c28f22e8b96e1ab97ce403110664 -> 
  custom:video-codec-MediaFoundation-h265: 746d11721c4dcdbdad8f713fa42b33f4 -> 
  custom:video-decoder-webm-vp8: 9c59270c3fd7afecdb556c50c9e8de78 -> 
  custom:audio-decoder-ogg-vorbis: bf7c407c2cedff20999df2af8eb42d56 -> 
  custom:audio-encoder-webm-vorbis: bf7c407c2cedff20999df2af8eb42d56 -> 
========================================================================
Received Prepare
Registering precompiled user dll's ...
Registered in 0.003966 seconds.
Begin MonoManager ReloadAssembly
Symbol file LoadedFromMemory doesn't match image D:\Desktop\Projects\Repo-Necromagus\repo-Necromagus\Project_Necromagus\Library\PackageCache\com.unity.visualscripting@1.6.1\Editor\VisualScripting.Core\Dependencies\YamlDotNet\Unity.VisualScripting.YamlDotNet.dll
Symbol file LoadedFromMemory doesn't match image D:\Desktop\Projects\Repo-Necromagus\repo-Necromagus\Project_Necromagus\Library\PackageCache\com.unity.visualscripting@1.6.1\Editor\VisualScripting.Core\Dependencies\DotNetZip\Unity.VisualScripting.IonicZip.dll
Native extension for WindowsStandalone target not found
Refreshing native plugins compatible for Editor in 1.06 ms, found 4 plugins.
Preloading 0 native plugins for Editor in 0.00 ms.
Mono: successfully reloaded assembly
- Completed reload, in  1.310 seconds
Domain Reload Profiling:
	ReloadAssembly (1311ms)
		BeginReloadAssembly (146ms)
			ExecutionOrderSort (0ms)
			DisableScriptedObjects (9ms)
			BackupInstance (0ms)
			ReleaseScriptingObjects (0ms)
			CreateAndSetChildDomain (48ms)
		EndReloadAssembly (1093ms)
			LoadAssemblies (128ms)
			RebuildTransferFunctionScriptingTraits (0ms)
			SetupTypeCache (463ms)
			ReleaseScriptCaches (2ms)
			RebuildScriptCaches (54ms)
			SetupLoadedEditorAssemblies (338ms)
				LogAssemblyErrors (0ms)
				InitializePlatformSupportModulesInManaged (4ms)
				SetLoadedEditorAssemblies (0ms)
				RefreshPlugins (1ms)
				BeforeProcessingInitializeOnLoad (79ms)
				ProcessInitializeOnLoadAttributes (241ms)
				ProcessInitializeOnLoadMethodAttributes (9ms)
				AfterProcessingInitializeOnLoad (2ms)
				EditorAssembliesLoaded (0ms)
			ExecutionOrderSort2 (0ms)
			AwakeInstancesAfterBackupRestoration (17ms)
Platform modules already initialized, skipping
Refreshing native plugins compatible for Editor in 0.97 ms, found 4 plugins.
Preloading 0 native plugins for Editor in 0.00 ms.
Unloading 4915 Unused Serialized files (Serialized files now loaded: 0)
System memory in use before: 189.3 MB.
System memory in use after: 189.7 MB.

Unloading 19 unused Assets to reduce memory usage. Loaded Objects now: 5593.
Total: 6.022800 ms (FindLiveObjects: 0.974600 ms CreateObjectMapping: 0.729400 ms MarkObjects: 4.290600 ms  DeleteObjects: 0.026800 ms)

AssetImportParameters requested are different than current active one (requested -> active):
  custom:framework-win-MediaFoundation: 216162199b28c13a410421893ffa2e32 -> 
  custom:video-decoder-ogg-theora: a1e56fd34408186e4bbccfd4996cb3dc -> 
  custom:container-muxer-webm: aa71ff27fc2769a1b78a27578f13a17b -> 
  custom:container-demuxer-webm: 4f35f7cbe854078d1ac9338744f61a02 -> 
  custom:container-demuxer-ogg: 62fdf1f143b41e24485cea50d1cbac27 -> 
  custom:video-encoder-webm-vp8: eb34c28f22e8b96e1ab97ce403110664 -> 
  custom:video-codec-MediaFoundation-h265: 746d11721c4dcdbdad8f713fa42b33f4 -> 
  custom:video-decoder-webm-vp8: 9c59270c3fd7afecdb556c50c9e8de78 -> 
  custom:audio-decoder-ogg-vorbis: bf7c407c2cedff20999df2af8eb42d56 -> 
  custom:audio-encoder-webm-vorbis: bf7c407c2cedff20999df2af8eb42d56 -> 
========================================================================
Received Import Request.
  Time since last request: 517.770303 seconds.
  path: Assets/Art/SkeletonDecay_Sheet.png
  artifactKey: Guid(55612db5963d8194cbe49566c2863646) Importer(815301076,1909f56bfc062723c751e8b465ee728b)
Start importing Assets/Art/SkeletonDecay_Sheet.png using Guid(55612db5963d8194cbe49566c2863646) Importer(815301076,1909f56bfc062723c751e8b465ee728b)  -> (artifact id: '21be217b3b13df399f23c06295a2506e') in 0.158926 seconds 
========================================================================
Received Import Request.
  Time since last request: 1889.152398 seconds.
  path: Assets/Prefabs/Player.prefab
  artifactKey: Guid(02ac9463dae294c46a55cf686ddb9fe1) Importer(815301076,1909f56bfc062723c751e8b465ee728b)
Start importing Assets/Prefabs/Player.prefab using Guid(02ac9463dae294c46a55cf686ddb9fe1) Importer(815301076,1909f56bfc062723c751e8b465ee728b)  -> (artifact id: 'e095b47b6a18fb5b9eaab421519c5787') in 0.195437 seconds 
========================================================================
Received Import Request.
  Time since last request: 0.000338 seconds.
  path: Assets/Prefabs/Dead Player.prefab
  artifactKey: Guid(074351a0e1660f54192f005299d5a4ec) Importer(815301076,1909f56bfc062723c751e8b465ee728b)
Start importing Assets/Prefabs/Dead Player.prefab using Guid(074351a0e1660f54192f005299d5a4ec) Importer(815301076,1909f56bfc062723c751e8b465ee728b)  -> (artifact id: '88e6ec9af189b92cdd9c40eef5122ae8') in 0.129361 seconds 
========================================================================
Received Import Request.
  Time since last request: 0.000274 seconds.
  path: Assets/Prefabs/Game Manager.prefab
  artifactKey: Guid(19a447a5be9d20546a2d4897cb745876) Importer(815301076,1909f56bfc062723c751e8b465ee728b)
Start importing Assets/Prefabs/Game Manager.prefab using Guid(19a447a5be9d20546a2d4897cb745876) Importer(815301076,1909f56bfc062723c751e8b465ee728b)  -> (artifact id: '2d47d528e398991ebd6e10306ab72575') in 0.026347 seconds 
========================================================================
Received Import Request.
  Time since last request: 0.000212 seconds.
  path: Assets/Prefabs/Checkpoint.prefab
  artifactKey: Guid(52e8ee98b482fa246bf0fca52bfcea0d) Importer(815301076,1909f56bfc062723c751e8b465ee728b)
Start importing Assets/Prefabs/Checkpoint.prefab using Guid(52e8ee98b482fa246bf0fca52bfcea0d) Importer(815301076,1909f56bfc062723c751e8b465ee728b)  -> (artifact id: '4435ebfb1386ffa80a77a8fb622b43ed') in 0.037542 seconds 
========================================================================
Received Import Request.
  Time since last request: 1.182420 seconds.
  path: Assets/Prefabs/Spikes.prefab
  artifactKey: Guid(9075ab4ce6bdadb48a52485b61edd924) Importer(815301076,1909f56bfc062723c751e8b465ee728b)
Start importing Assets/Prefabs/Spikes.prefab using Guid(9075ab4ce6bdadb48a52485b61edd924) Importer(815301076,1909f56bfc062723c751e8b465ee728b)  -> (artifact id: '17201dca7472fde299e1fb58c275b2ea') in 0.015392 seconds 
========================================================================
Received Import Request.
  Time since last request: 966.377454 seconds.
  path: Assets/Prefabs/Collision One Way Platform.prefab
  artifactKey: Guid(af3360f9f74b0df4fb4dd7082858ba05) Importer(815301076,1909f56bfc062723c751e8b465ee728b)
Start importing Assets/Prefabs/Collision One Way Platform.prefab using Guid(af3360f9f74b0df4fb4dd7082858ba05) Importer(815301076,1909f56bfc062723c751e8b465ee728b)  -> (artifact id: '2e13da151726456597b5ffd5013a4984') in 0.014401 seconds 
========================================================================
Received Prepare
Registering precompiled user dll's ...
Registered in 0.003989 seconds.
Begin MonoManager ReloadAssembly
Symbol file LoadedFromMemory doesn't match image D:\Desktop\Projects\Repo-Necromagus\repo-Necromagus\Project_Necromagus\Library\PackageCache\com.unity.visualscripting@1.6.1\Editor\VisualScripting.Core\Dependencies\YamlDotNet\Unity.VisualScripting.YamlDotNet.dll
Symbol file LoadedFromMemory doesn't match image D:\Desktop\Projects\Repo-Necromagus\repo-Necromagus\Project_Necromagus\Library\PackageCache\com.unity.visualscripting@1.6.1\Editor\VisualScripting.Core\Dependencies\DotNetZip\Unity.VisualScripting.IonicZip.dll
Native extension for WindowsStandalone target not found
Refreshing native plugins compatible for Editor in 0.95 ms, found 4 plugins.
Preloading 0 native plugins for Editor in 0.00 ms.
Mono: successfully reloaded assembly
- Completed reload, in  1.314 seconds
Domain Reload Profiling:
	ReloadAssembly (1314ms)
		BeginReloadAssembly (226ms)
			ExecutionOrderSort (0ms)
			DisableScriptedObjects (13ms)
			BackupInstance (0ms)
			ReleaseScriptingObjects (0ms)
			CreateAndSetChildDomain (97ms)
		EndReloadAssembly (1030ms)
			LoadAssemblies (120ms)
			RebuildTransferFunctionScriptingTraits (0ms)
			SetupTypeCache (406ms)
			ReleaseScriptCaches (2ms)
			RebuildScriptCaches (51ms)
			SetupLoadedEditorAssemblies (328ms)
				LogAssemblyErrors (0ms)
				InitializePlatformSupportModulesInManaged (4ms)
				SetLoadedEditorAssemblies (1ms)
				RefreshPlugins (1ms)
				BeforeProcessingInitializeOnLoad (75ms)
				ProcessInitializeOnLoadAttributes (235ms)
				ProcessInitializeOnLoadMethodAttributes (9ms)
				AfterProcessingInitializeOnLoad (2ms)
				EditorAssembliesLoaded (0ms)
			ExecutionOrderSort2 (0ms)
			AwakeInstancesAfterBackupRestoration (21ms)
Platform modules already initialized, skipping
Refreshing native plugins compatible for Editor in 1.08 ms, found 4 plugins.
Preloading 0 native plugins for Editor in 0.00 ms.
Unloading 4915 Unused Serialized files (Serialized files now loaded: 0)
System memory in use before: 191.9 MB.
System memory in use after: 192.3 MB.

Unloading 19 unused Assets to reduce memory usage. Loaded Objects now: 5655.
Total: 6.460500 ms (FindLiveObjects: 0.563800 ms CreateObjectMapping: 0.498900 ms MarkObjects: 5.370900 ms  DeleteObjects: 0.025600 ms)

AssetImportParameters requested are different than current active one (requested -> active):
  custom:framework-win-MediaFoundation: 216162199b28c13a410421893ffa2e32 -> 
  custom:video-decoder-ogg-theora: a1e56fd34408186e4bbccfd4996cb3dc -> 
  custom:container-muxer-webm: aa71ff27fc2769a1b78a27578f13a17b -> 
  custom:container-demuxer-webm: 4f35f7cbe854078d1ac9338744f61a02 -> 
  custom:container-demuxer-ogg: 62fdf1f143b41e24485cea50d1cbac27 -> 
  custom:video-encoder-webm-vp8: eb34c28f22e8b96e1ab97ce403110664 -> 
  custom:video-codec-MediaFoundation-h265: 746d11721c4dcdbdad8f713fa42b33f4 -> 
  custom:video-decoder-webm-vp8: 9c59270c3fd7afecdb556c50c9e8de78 -> 
  custom:audio-decoder-ogg-vorbis: bf7c407c2cedff20999df2af8eb42d56 -> 
  custom:audio-encoder-webm-vorbis: bf7c407c2cedff20999df2af8eb42d56 -> 
========================================================================
Received Import Request.
  Time since last request: 720.250568 seconds.
  path: Assets/Prefabs/Torch.prefab
  artifactKey: Guid(7b8d888428cdccc49b03bc8a2089798b) Importer(815301076,1909f56bfc062723c751e8b465ee728b)
Start importing Assets/Prefabs/Torch.prefab using Guid(7b8d888428cdccc49b03bc8a2089798b) Importer(815301076,1909f56bfc062723c751e8b465ee728b)  -> (artifact id: '824c5200a92f4e86207e480f64a44b3e') in 0.156578 seconds 
========================================================================
Received Import Request.
  Time since last request: 27.671865 seconds.
  path: Assets/Scenes/Scene1.unity
  artifactKey: Guid(8f6c8181c7cbbe44dae210b9810ed20b) Importer(815301076,1909f56bfc062723c751e8b465ee728b)
Start importing Assets/Scenes/Scene1.unity using Guid(8f6c8181c7cbbe44dae210b9810ed20b) Importer(815301076,1909f56bfc062723c751e8b465ee728b)  -> (artifact id: 'b3091796a2ec3938a5d70d9c69e37903') in 0.008997 seconds 
